<?xml version="1.0" encoding="UTF-8"?>
<!-- Generated by org.testng.reporters.JUnitXMLReporter -->
<testsuite hostname="wirelessprv-10-192-124-53.near.illinois.edu" tests="6" failures="0" timestamp="30 Nov 2017 17:58:02 GMT" time="0.072" errors="0">
  <testcase name="testColorShift" time="0.018" classname="TransformTest"/>
  <testcase name="testGreenScreen" time="0.009" classname="TransformTest"/>
  <testcase name="testMystery" time="0.006" classname="TransformTest"/>
  <testcase name="testPositionShifts" time="0.005" classname="TransformTest"/>
  <testcase name="testRotateAndFlip" time="0.005" classname="TransformTest"/>
  <testcase name="testShrinkOrExpand" time="0.003" classname="TransformTest"/>
</testsuite>
