<?xml version="1.0" encoding="UTF-8"?>
<testng-results skipped="0" failed="0" total="6" passed="6">
  <reporter-output>
  </reporter-output>
  <suite name="Default suite" duration-ms="72" started-at="2017-11-30T17:58:02Z" finished-at="2017-11-30T17:58:02Z">
    <groups>
    </groups>
    <test name="Default test" duration-ms="72" started-at="2017-11-30T17:58:02Z" finished-at="2017-11-30T17:58:02Z">
      <class name="TransformTest">
        <test-method status="PASS" signature="testColorShift()[pri:0, instance:TransformTest@31a5c39e]" name="testColorShift" duration-ms="18" started-at="2017-11-30T11:58:02Z" finished-at="2017-11-30T11:58:02Z">
          <reporter-output>
          </reporter-output>
        </test-method> <!-- testColorShift -->
        <test-method status="PASS" signature="testGreenScreen()[pri:0, instance:TransformTest@31a5c39e]" name="testGreenScreen" duration-ms="9" started-at="2017-11-30T11:58:02Z" finished-at="2017-11-30T11:58:02Z">
          <reporter-output>
          </reporter-output>
        </test-method> <!-- testGreenScreen -->
        <test-method status="PASS" signature="testMystery()[pri:0, instance:TransformTest@31a5c39e]" name="testMystery" duration-ms="6" started-at="2017-11-30T11:58:02Z" finished-at="2017-11-30T11:58:02Z">
          <reporter-output>
          </reporter-output>
        </test-method> <!-- testMystery -->
        <test-method status="PASS" signature="testPositionShifts()[pri:0, instance:TransformTest@31a5c39e]" name="testPositionShifts" duration-ms="5" started-at="2017-11-30T11:58:02Z" finished-at="2017-11-30T11:58:02Z">
          <reporter-output>
          </reporter-output>
        </test-method> <!-- testPositionShifts -->
        <test-method status="PASS" signature="testRotateAndFlip()[pri:0, instance:TransformTest@31a5c39e]" name="testRotateAndFlip" duration-ms="5" started-at="2017-11-30T11:58:02Z" finished-at="2017-11-30T11:58:02Z">
          <reporter-output>
          </reporter-output>
        </test-method> <!-- testRotateAndFlip -->
        <test-method status="PASS" signature="testShrinkOrExpand()[pri:0, instance:TransformTest@31a5c39e]" name="testShrinkOrExpand" duration-ms="3" started-at="2017-11-30T11:58:02Z" finished-at="2017-11-30T11:58:02Z">
          <reporter-output>
          </reporter-output>
        </test-method> <!-- testShrinkOrExpand -->
      </class> <!-- TransformTest -->
    </test> <!-- Default test -->
  </suite> <!-- Default suite -->
</testng-results>
